<?xml version="1.0" encoding="UTF-8"?>
<!-- Generated by org.testng.reporters.JUnitReportReporter -->
<testsuite hostname="Palz_97" failures="0" tests="1" name="testclass.signin" time="0.059" errors="0" timestamp="2023-03-19T21:12:30 IST" skipped="0">
  <testcase classname="testclass.signin" name="sampleTest" time="0.059"/>
  <system-out/>
</testsuite> <!-- testclass.signin -->
